<?xml version="1.0" encoding="UTF-8"?>
<!-- Generated by org.testng.reporters.JUnitXMLReporter -->
<testsuite hostname="DESKTOP-CIUUGKB" ignored="0" name="Default test" tests="4" failures="0" timestamp="08 Oct 2019 01:39:20 GMT" time="219.901" errors="0">
  <testcase name="createNewContacts" time="11.291" classname="com.qa.hubspot.tests.ContactsPageTest"/>
  <testcase name="createNewContacts" time="11.629" classname="com.qa.hubspot.tests.ContactsPageTest"/>
  <testcase name="createNewContacts" time="10.997" classname="com.qa.hubspot.tests.ContactsPageTest"/>
  <testcase name="createNewContacts" time="12.882" classname="com.qa.hubspot.tests.ContactsPageTest"/>
</testsuite> <!-- Default test -->
