<?xml version="1.0" encoding="UTF-8"?>
<testng-results skipped="0" failed="1" ignored="0" total="6" passed="5">
  <reporter-output>
  </reporter-output>
  <suite name="Hub Spot Regression Test Automation Suite" duration-ms="303536" started-at="2019-10-08T01:44:45Z" finished-at="2019-10-08T01:49:48Z">
    <groups>
    </groups>
    <test name="Hub Spot App Regression Test Cases" duration-ms="303536" started-at="2019-10-08T01:44:45Z" finished-at="2019-10-08T01:49:48Z">
      <class name="com.qa.hubspot.tests.LoginPageTest">
        <test-method status="PASS" signature="setup()[pri:0, instance:com.qa.hubspot.tests.LoginPageTest@1ee4730]" name="setup" is-config="true" duration-ms="17464" started-at="2019-10-08T01:48:58Z" finished-at="2019-10-08T01:49:15Z">
          <reporter-output>
          </reporter-output>
        </test-method> <!-- setup -->
        <test-method status="PASS" signature="verifyLoginPageTitle()[pri:1, instance:com.qa.hubspot.tests.LoginPageTest@1ee4730]" name="verifyLoginPageTitle" duration-ms="53" started-at="2019-10-08T01:49:15Z" finished-at="2019-10-08T01:49:15Z">
          <reporter-output>
          </reporter-output>
        </test-method> <!-- verifyLoginPageTitle -->
        <test-method status="PASS" signature="teardown()[pri:0, instance:com.qa.hubspot.tests.LoginPageTest@1ee4730]" name="teardown" is-config="true" duration-ms="960" started-at="2019-10-08T01:49:15Z" finished-at="2019-10-08T01:49:16Z">
          <reporter-output>
          </reporter-output>
        </test-method> <!-- teardown -->
      </class> <!-- com.qa.hubspot.tests.LoginPageTest -->
      <class name="com.qa.hubspot.tests.ContactsPageTest">
        <test-method status="PASS" signature="setup()[pri:0, instance:com.qa.hubspot.tests.ContactsPageTest@5003041b]" name="setup" is-config="true" duration-ms="45372" started-at="2019-10-08T01:44:49Z" finished-at="2019-10-08T01:45:34Z">
          <reporter-output>
          </reporter-output>
        </test-method> <!-- setup -->
        <test-method status="PASS" signature="createNewContacts(java.lang.String, java.lang.String, java.lang.String, java.lang.String)[pri:0, instance:com.qa.hubspot.tests.ContactsPageTest@5003041b]" name="createNewContacts" duration-ms="10720" started-at="2019-10-08T01:45:34Z" data-provider="getContactsData" finished-at="2019-10-08T01:45:45Z">
          <params>
            <param index="0">
              <value>
                <![CDATA[savita@gmail.com]]>
              </value>
            </param>
            <param index="1">
              <value>
                <![CDATA[savita]]>
              </value>
            </param>
            <param index="2">
              <value>
                <![CDATA[s]]>
              </value>
            </param>
            <param index="3">
              <value>
                <![CDATA[tester]]>
              </value>
            </param>
          </params>
          <reporter-output>
          </reporter-output>
        </test-method> <!-- createNewContacts -->
        <test-method status="PASS" signature="TearDown()[pri:0, instance:com.qa.hubspot.tests.ContactsPageTest@5003041b]" name="TearDown" is-config="true" duration-ms="1133" started-at="2019-10-08T01:45:45Z" finished-at="2019-10-08T01:45:46Z">
          <reporter-output>
          </reporter-output>
        </test-method> <!-- TearDown -->
        <test-method status="PASS" signature="setup()[pri:0, instance:com.qa.hubspot.tests.ContactsPageTest@5003041b]" name="setup" is-config="true" duration-ms="39650" started-at="2019-10-08T01:45:46Z" finished-at="2019-10-08T01:46:26Z">
          <reporter-output>
          </reporter-output>
        </test-method> <!-- setup -->
        <test-method status="PASS" signature="createNewContacts(java.lang.String, java.lang.String, java.lang.String, java.lang.String)[pri:0, instance:com.qa.hubspot.tests.ContactsPageTest@5003041b]" name="createNewContacts" duration-ms="12783" started-at="2019-10-08T01:46:26Z" data-provider="getContactsData" finished-at="2019-10-08T01:46:39Z">
          <params>
            <param index="0">
              <value>
                <![CDATA[pranav@gmail.com]]>
              </value>
            </param>
            <param index="1">
              <value>
                <![CDATA[pranav]]>
              </value>
            </param>
            <param index="2">
              <value>
                <![CDATA[p]]>
              </value>
            </param>
            <param index="3">
              <value>
                <![CDATA[manager]]>
              </value>
            </param>
          </params>
          <reporter-output>
          </reporter-output>
        </test-method> <!-- createNewContacts -->
        <test-method status="PASS" signature="TearDown()[pri:0, instance:com.qa.hubspot.tests.ContactsPageTest@5003041b]" name="TearDown" is-config="true" duration-ms="1121" started-at="2019-10-08T01:46:39Z" finished-at="2019-10-08T01:46:40Z">
          <reporter-output>
          </reporter-output>
        </test-method> <!-- TearDown -->
        <test-method status="PASS" signature="setup()[pri:0, instance:com.qa.hubspot.tests.ContactsPageTest@5003041b]" name="setup" is-config="true" duration-ms="57237" started-at="2019-10-08T01:46:40Z" finished-at="2019-10-08T01:47:37Z">
          <reporter-output>
          </reporter-output>
        </test-method> <!-- setup -->
        <test-method status="FAIL" signature="createNewContacts(java.lang.String, java.lang.String, java.lang.String, java.lang.String)[pri:0, instance:com.qa.hubspot.tests.ContactsPageTest@5003041b]" name="createNewContacts" duration-ms="20963" started-at="2019-10-08T01:47:37Z" data-provider="getContactsData" finished-at="2019-10-08T01:47:58Z">
          <params>
            <param index="0">
              <value>
                <![CDATA[prashant@gmail.com]]>
              </value>
            </param>
            <param index="1">
              <value>
                <![CDATA[prashant]]>
              </value>
            </param>
            <param index="2">
              <value>
                <![CDATA[p]]>
              </value>
            </param>
            <param index="3">
              <value>
                <![CDATA[VP]]>
              </value>
            </param>
          </params>
          <exception class="org.openqa.selenium.TimeoutException">
            <message>
              <![CDATA[Expected condition failed: waiting for element to be clickable: [[ChromeDriver: chrome on XP (42ca0711960b82dcc2ad659230103bf5)] -> xpath: //input[@data-field='email']] (tried for 10 second(s) with 500 milliseconds interval)
Build info: version: '3.141.59', revision: 'e82be7d358', time: '2018-11-14T08:17:03'
System info: host: 'DESKTOP-CIUUGKB', ip: '192.168.56.1', os.name: 'Windows 10', os.arch: 'amd64', os.version: '10.0', java.version: '1.8.0_202'
Driver info: org.openqa.selenium.chrome.ChromeDriver
Capabilities {acceptInsecureCerts: false, browserName: chrome, browserVersion: 77.0.3865.90, chrome: {chromedriverVersion: 77.0.3865.40 (f484704e052e0..., userDataDir: C:\Users\mailp\AppData\Loca...}, goog:chromeOptions: {debuggerAddress: localhost:65506}, javascriptEnabled: true, networkConnectionEnabled: false, pageLoadStrategy: normal, platform: XP, platformName: XP, proxy: Proxy(), setWindowRect: true, strictFileInteractability: false, timeouts: {implicit: 0, pageLoad: 300000, script: 30000}, unhandledPromptBehavior: dismiss and notify}
Session ID: 42ca0711960b82dcc2ad659230103bf5]]>
            </message>
            <full-stacktrace>
              <![CDATA[org.openqa.selenium.TimeoutException: Expected condition failed: waiting for element to be clickable: [[ChromeDriver: chrome on XP (42ca0711960b82dcc2ad659230103bf5)] -> xpath: //input[@data-field='email']] (tried for 10 second(s) with 500 milliseconds interval)
Build info: version: '3.141.59', revision: 'e82be7d358', time: '2018-11-14T08:17:03'
System info: host: 'DESKTOP-CIUUGKB', ip: '192.168.56.1', os.name: 'Windows 10', os.arch: 'amd64', os.version: '10.0', java.version: '1.8.0_202'
Driver info: org.openqa.selenium.chrome.ChromeDriver
Capabilities {acceptInsecureCerts: false, browserName: chrome, browserVersion: 77.0.3865.90, chrome: {chromedriverVersion: 77.0.3865.40 (f484704e052e0..., userDataDir: C:\Users\mailp\AppData\Loca...}, goog:chromeOptions: {debuggerAddress: localhost:65506}, javascriptEnabled: true, networkConnectionEnabled: false, pageLoadStrategy: normal, platform: XP, platformName: XP, proxy: Proxy(), setWindowRect: true, strictFileInteractability: false, timeouts: {implicit: 0, pageLoad: 300000, script: 30000}, unhandledPromptBehavior: dismiss and notify}
Session ID: 42ca0711960b82dcc2ad659230103bf5
at org.openqa.selenium.support.ui.WebDriverWait.timeoutException(WebDriverWait.java:95)
at org.openqa.selenium.support.ui.FluentWait.until(FluentWait.java:272)
at com.qa.hubspot.pages.ContactsPage.createNewContact(ContactsPage.java:47)
at com.qa.hubspot.tests.ContactsPageTest.createNewContacts(ContactsPageTest.java:51)
at sun.reflect.NativeMethodAccessorImpl.invoke0(Native Method)
at sun.reflect.NativeMethodAccessorImpl.invoke(Unknown Source)
at sun.reflect.DelegatingMethodAccessorImpl.invoke(Unknown Source)
at java.lang.reflect.Method.invoke(Unknown Source)
at org.testng.internal.MethodInvocationHelper.invokeMethod(MethodInvocationHelper.java:124)
at org.testng.internal.Invoker.invokeMethod(Invoker.java:583)
at org.testng.internal.Invoker.invokeTestMethod(Invoker.java:719)
at org.testng.internal.Invoker.invokeTestMethods(Invoker.java:989)
at org.testng.internal.TestMethodWorker.invokeTestMethods(TestMethodWorker.java:125)
at org.testng.internal.TestMethodWorker.run(TestMethodWorker.java:109)
at org.testng.TestRunner.privateRun(TestRunner.java:648)
at org.testng.TestRunner.run(TestRunner.java:505)
at org.testng.SuiteRunner.runTest(SuiteRunner.java:455)
at org.testng.SuiteRunner.runSequentially(SuiteRunner.java:450)
at org.testng.SuiteRunner.privateRun(SuiteRunner.java:415)
at org.testng.SuiteRunner.run(SuiteRunner.java:364)
at org.testng.SuiteRunnerWorker.runSuite(SuiteRunnerWorker.java:52)
at org.testng.SuiteRunnerWorker.run(SuiteRunnerWorker.java:84)
at org.testng.TestNG.runSuitesSequentially(TestNG.java:1208)
at org.testng.TestNG.runSuitesLocally(TestNG.java:1137)
at org.testng.TestNG.runSuites(TestNG.java:1049)
at org.testng.TestNG.run(TestNG.java:1017)
at org.testng.remote.AbstractRemoteTestNG.run(AbstractRemoteTestNG.java:115)
at org.testng.remote.RemoteTestNG.initAndRun(RemoteTestNG.java:251)
at org.testng.remote.RemoteTestNG.main(RemoteTestNG.java:77)
]]>
            </full-stacktrace>
          </exception> <!-- org.openqa.selenium.TimeoutException -->
          <reporter-output>
          </reporter-output>
        </test-method> <!-- createNewContacts -->
        <test-method status="PASS" signature="TearDown()[pri:0, instance:com.qa.hubspot.tests.ContactsPageTest@5003041b]" name="TearDown" is-config="true" duration-ms="1147" started-at="2019-10-08T01:48:01Z" finished-at="2019-10-08T01:48:03Z">
          <reporter-output>
          </reporter-output>
        </test-method> <!-- TearDown -->
        <test-method status="PASS" signature="setup()[pri:0, instance:com.qa.hubspot.tests.ContactsPageTest@5003041b]" name="setup" is-config="true" duration-ms="44697" started-at="2019-10-08T01:48:03Z" finished-at="2019-10-08T01:48:47Z">
          <reporter-output>
          </reporter-output>
        </test-method> <!-- setup -->
        <test-method status="PASS" signature="createNewContacts(java.lang.String, java.lang.String, java.lang.String, java.lang.String)[pri:0, instance:com.qa.hubspot.tests.ContactsPageTest@5003041b]" name="createNewContacts" duration-ms="9517" started-at="2019-10-08T01:48:47Z" data-provider="getContactsData" finished-at="2019-10-08T01:48:57Z">
          <params>
            <param index="0">
              <value>
                <![CDATA[kiran@gmail.com]]>
              </value>
            </param>
            <param index="1">
              <value>
                <![CDATA[kiran]]>
              </value>
            </param>
            <param index="2">
              <value>
                <![CDATA[p]]>
              </value>
            </param>
            <param index="3">
              <value>
                <![CDATA[Business Head]]>
              </value>
            </param>
          </params>
          <reporter-output>
          </reporter-output>
        </test-method> <!-- createNewContacts -->
        <test-method status="PASS" signature="TearDown()[pri:0, instance:com.qa.hubspot.tests.ContactsPageTest@5003041b]" name="TearDown" is-config="true" duration-ms="1095" started-at="2019-10-08T01:48:57Z" finished-at="2019-10-08T01:48:58Z">
          <reporter-output>
          </reporter-output>
        </test-method> <!-- TearDown -->
      </class> <!-- com.qa.hubspot.tests.ContactsPageTest -->
      <class name="com.qa.hubspot.tests.HomePageTest">
        <test-method status="PASS" signature="setup()[pri:0, instance:com.qa.hubspot.tests.HomePageTest@59a67c3a]" name="setup" is-config="true" duration-ms="30672" started-at="2019-10-08T01:49:16Z" finished-at="2019-10-08T01:49:47Z">
          <reporter-output>
          </reporter-output>
        </test-method> <!-- setup -->
        <test-method status="PASS" signature="VerifyHomePageTitle()[pri:1, instance:com.qa.hubspot.tests.HomePageTest@59a67c3a]" name="VerifyHomePageTitle" duration-ms="24" started-at="2019-10-08T01:49:47Z" finished-at="2019-10-08T01:49:47Z">
          <reporter-output>
          </reporter-output>
        </test-method> <!-- VerifyHomePageTitle -->
        <test-method status="PASS" signature="Teardown()[pri:0, instance:com.qa.hubspot.tests.HomePageTest@59a67c3a]" name="Teardown" is-config="true" duration-ms="1180" started-at="2019-10-08T01:49:47Z" finished-at="2019-10-08T01:49:48Z">
          <reporter-output>
          </reporter-output>
        </test-method> <!-- Teardown -->
      </class> <!-- com.qa.hubspot.tests.HomePageTest -->
    </test> <!-- Hub Spot App Regression Test Cases -->
  </suite> <!-- Hub Spot Regression Test Automation Suite -->
</testng-results>
